<?xml version="1.0" encoding="UTF-8"?>
<testng-results skipped="0" failed="0" total="0" passed="0">
  <reporter-output>
  </reporter-output>
  <suite name="Default suite" duration-ms="2972" started-at="2018-11-01T11:52:04Z" finished-at="2018-11-01T11:52:07Z">
    <groups>
    </groups>
    <test name="Default test" duration-ms="2972" started-at="2018-11-01T11:52:04Z" finished-at="2018-11-01T11:52:07Z">
      <class name="com.bill99.mcs.test.MCS_AcctDepoistTest">
        <test-method status="PASS" signature="springTestContextBeforeTestClass()[pri:0, instance:com.bill99.mcs.test.MCS_AcctDepoistTest@31ad98ef]" name="springTestContextBeforeTestClass" is-config="true" duration-ms="5" started-at="2018-11-01T19:52:04Z" finished-at="2018-11-01T19:52:04Z">
          <reporter-output>
          </reporter-output>
        </test-method> <!-- springTestContextBeforeTestClass -->
        <test-method status="PASS" signature="springTestContextPrepareTestInstance()[pri:0, instance:com.bill99.mcs.test.MCS_AcctDepoistTest@31ad98ef]" name="springTestContextPrepareTestInstance" is-config="true" duration-ms="2714" started-at="2018-11-01T19:52:04Z" depends-on-methods="org.springframework.test.context.testng.AbstractTestNGSpringContextTests.springTestContextBeforeTestClass" finished-at="2018-11-01T19:52:07Z">
          <reporter-output>
          </reporter-output>
        </test-method> <!-- springTestContextPrepareTestInstance -->
        <test-method status="PASS" signature="beforeTest()[pri:0, instance:com.bill99.mcs.test.MCS_AcctDepoistTest@31ad98ef]" name="beforeTest" is-config="true" duration-ms="1" started-at="2018-11-01T19:52:07Z" finished-at="2018-11-01T19:52:07Z">
          <reporter-output>
          </reporter-output>
        </test-method> <!-- beforeTest -->
        <test-method status="PASS" signature="springTestContextAfterTestClass()[pri:0, instance:com.bill99.mcs.test.MCS_AcctDepoistTest@31ad98ef]" name="springTestContextAfterTestClass" is-config="true" duration-ms="8" started-at="2018-11-01T19:52:07Z" finished-at="2018-11-01T19:52:07Z">
          <reporter-output>
          </reporter-output>
        </test-method> <!-- springTestContextAfterTestClass -->
        <test-method status="PASS" signature="afterTest()[pri:0, instance:com.bill99.mcs.test.MCS_AcctDepoistTest@31ad98ef]" name="afterTest" is-config="true" duration-ms="0" started-at="2018-11-01T19:52:07Z" finished-at="2018-11-01T19:52:07Z">
          <reporter-output>
          </reporter-output>
        </test-method> <!-- afterTest -->
      </class> <!-- com.bill99.mcs.test.MCS_AcctDepoistTest -->
    </test> <!-- Default test -->
  </suite> <!-- Default suite -->
</testng-results>
